[14:36:51] [ServerMain/INFO]: Building unoptimized datafixer
[14:36:53] [ServerMain/INFO]: Environment: authHost='https://authserver.mojang.com', accountsHost='https://api.mojang.com', sessionHost='https://sessionserver.mojang.com', servicesHost='https://api.minecraftservices.com', name='PROD'
[14:36:56] [ServerMain/INFO]: Loaded 7 recipes
[14:36:59] [Server thread/INFO]: Starting minecraft server version 1.19.2
[14:36:59] [Server thread/INFO]: Loading properties
[14:36:59] [Server thread/INFO]: This server is running Paper version git-Paper-141 (MC: 1.19.2) (Implementing API version 1.19.2-R0.1-SNAPSHOT) (Git: 51183af)
[14:36:59] [Server thread/INFO]: Using 4 threads for Netty based IO
[14:36:59] [Server thread/INFO]: Server Ping Player Sample Count: 12
[14:37:00] [Server thread/INFO]: Default game type: SURVIVAL
[14:37:00] [Server thread/INFO]: Generating keypair
[14:37:00] [Server thread/INFO]: Starting Minecraft server on *:25565
[14:37:00] [Server thread/INFO]: Using default channel type
[14:37:00] [Server thread/INFO]: Paper: Using Java 11 compression from Velocity.
[14:37:00] [Server thread/INFO]: Paper: Using Java cipher from Velocity.
[14:37:01] [Server thread/ERROR]: [STDERR] [org.bukkit.craftbukkit.v1_19_R1.legacy.CraftLegacy] Initializing Legacy Material Support. Unless you have legacy plugins and/or data this is a bug!
[14:37:09] [Server thread/WARN]: Legacy plugin ChatColor v6.2 does not specify an api-version.
[14:37:09] [Server thread/INFO]: [LuckPerms] Loading LuckPerms v5.4.49
[14:37:10] [Server thread/INFO]: [SkinsRestorer] Loading SkinsRestorer v14.2.3
[14:37:10] [Server thread/INFO]: [SmoothTimber] Loading SmoothTimber v1.22.2
[14:37:10] [Server thread/INFO]: [Vault] Loading Vault v1.7.3-b131
[14:37:10] [Server thread/INFO]: [ChatColor] Loading ChatColor v6.2
[14:37:10] [Server thread/INFO]: [Essentials] Loading Essentials v2.19.7
[14:37:10] [Server thread/INFO]: [EssentialsProtect] Loading EssentialsProtect v2.19.7
[14:37:10] [Server thread/INFO]: [EssentialsSpawn] Loading EssentialsSpawn v2.19.7
[14:37:10] [Server thread/INFO]: [EssentialsChat] Loading EssentialsChat v2.19.7
[14:37:10] [Server thread/INFO]: Server permissions file permissions.yml is empty, ignoring it
[14:37:10] [Server thread/INFO]: [LuckPerms] Enabling LuckPerms v5.4.49
[14:37:10] [Server thread/INFO]:         __    
[14:37:10] [Server thread/INFO]:   |    |__)   LuckPerms v5.4.49
[14:37:10] [Server thread/INFO]:   |___ |      Running on Bukkit - Paper
[14:37:10] [Server thread/INFO]: 
[14:37:10] [Server thread/INFO]: [LuckPerms] Loading configuration...
[14:37:11] [Server thread/INFO]: [LuckPerms] Loading storage provider... [H2]
[14:37:11] [Server thread/INFO]: [LuckPerms] Loading internal permission managers...
[14:37:12] [Server thread/INFO]: [LuckPerms] Performing initial data load...
[14:37:12] [Server thread/INFO]: [LuckPerms] Successfully enabled. (took 2184ms)
[14:37:12] [Server thread/INFO]: [Vault] Enabling Vault v1.7.3-b131
[14:37:12] [Server thread/WARN]: [Vault] Loaded class com.earth2me.essentials.api.Economy from Essentials v2.19.7 which is not a depend or softdepend of this plugin.
[14:37:12] [Server thread/INFO]: [Vault] [Economy] Essentials Economy found: Waiting
[14:37:12] [Server thread/INFO]: [Vault] [Permission] SuperPermissions loaded as backup permission system.
[14:37:12] [Server thread/INFO]: [Vault] Enabled Version 1.7.3-b131
[14:37:12] [Server thread/INFO]: [LuckPerms] Registered Vault permission & chat hook.
[14:37:12] [Server thread/WARN]: **** SERVER IS RUNNING IN OFFLINE/INSECURE MODE!
[14:37:12] [Server thread/WARN]: The server will make no attempt to authenticate usernames. Beware.
[14:37:12] [Server thread/WARN]: While this makes the game possible to play without internet access, it also opens up the ability for hackers to connect with any username they choose.
[14:37:12] [Server thread/WARN]: To change this, set "online-mode" to "true" in the server.properties file.
[14:37:12] [Server thread/INFO]: Preparing level "Servidor"
[14:37:38] [Server thread/INFO]: Preparing start region for dimension minecraft:overworld
[14:37:39] [Server thread/INFO]: Time elapsed: 380 ms
[14:37:39] [Server thread/INFO]: Preparing start region for dimension minecraft:the_nether
[14:37:39] [Server thread/INFO]: Time elapsed: 91 ms
[14:37:39] [Server thread/INFO]: Preparing start region for dimension minecraft:the_end
[14:37:39] [Server thread/INFO]: Time elapsed: 82 ms
[14:37:39] [Server thread/INFO]: [SkinsRestorer] Enabling SkinsRestorer v14.2.3
[14:37:39] [Server thread/INFO]: [33;1m[[32;22mSkinsRestorer[33;1m] [0;39m[32;1mDetected Minecraft [33;1mv1_19_R1[32;1m, using [33;1mPaperSkinRefresher[32;1m.[0;39m
[14:37:39] [Server thread/INFO]: [SkinsRestorer] [ACF] Enabled Asynchronous Tab Completion Support!
[14:37:40] [Server thread/INFO]: [SmoothTimber] Enabling SmoothTimber v1.22.2
[14:37:40] [Server thread/INFO]: SmoothTimber || You're currently using the supported Minecraft Version 1.19.2 (Core v1_19x)
[14:37:40] [Server thread/INFO]: [ChatColor] Enabling ChatColor v6.2*
[14:37:40] [Server thread/INFO]: [ChatColor] [STDOUT] nop
[14:37:40] [Server thread/WARN]: Nag author(s): '[]' of 'ChatColor' about their usage of System.out/err.print. Please use your plugin's logger instead (JavaPlugin#getLogger).
[14:37:40] [Server thread/INFO]: [Essentials] Enabling Essentials v2.19.7
[14:37:40] [Server thread/INFO]: [Essentials] Attempting to convert old kits in config.yml to new kits.yml
[14:37:40] [Server thread/INFO]: [Essentials] No kits found to migrate.
[14:37:41] [Server thread/INFO]: [Essentials] Loaded 38132 items from items.json.
[14:37:41] [Server thread/INFO]: [Essentials] Using locale es_CO
[14:37:41] [Server thread/INFO]: [Essentials] ServerListPingEvent: Spigot iterator API
[14:37:41] [Server thread/INFO]: [Essentials] Starting Metrics. Opt-out using the global bStats config.
[14:37:41] [Server thread/INFO]: [Vault] [Economy] Essentials Economy hooked.
[14:37:41] [Server thread/INFO]: [Essentials] Using Vault based permissions (LuckPerms)
[14:37:41] [Server thread/INFO]: [EssentialsProtect] Enabling EssentialsProtect v2.19.7
[14:37:41] [Server thread/INFO]: [EssentialsProtect] Continuing to enable Protect.
[14:37:41] [Server thread/INFO]: [EssentialsProtect] Starting Metrics. Opt-out using the global bStats config.
[14:37:41] [Server thread/INFO]: [EssentialsSpawn] Enabling EssentialsSpawn v2.19.7
[14:37:41] [Server thread/INFO]: [EssentialsSpawn] Starting Metrics. Opt-out using the global bStats config.
[14:37:41] [Server thread/INFO]: [EssentialsChat] Enabling EssentialsChat v2.19.7
[14:37:41] [Server thread/INFO]: [EssentialsChat] Secure signed chat and previews are enabled.
[14:37:41] [Server thread/INFO]: [EssentialsChat] Starting Metrics. Opt-out using the global bStats config.
[14:37:41] [Server thread/INFO]: Running delayed init tasks
[14:37:41] [Server thread/INFO]: [Essentials] Essentials found a compatible payment resolution method: Vault Compatibility Layer (v1.7.3-b131)!
[14:37:41] [Server thread/INFO]: Done (42.235s)! For help, type "help"
[14:37:41] [Server thread/INFO]: Timings Reset
[14:37:41] [Craft Scheduler Thread - 8 - Essentials/INFO]: [Essentials] Obteniendo información de versión...
[14:37:41] [Craft Scheduler Thread - 13 - Vault/INFO]: [Vault] Checking for Updates ... 
[14:37:42] [Server thread/INFO]: com.mojang.authlib.GameProfile@1138b52d[id=<null>,name=JaviiD_,properties={},legacy=false] (/192.168.1.108:55513) lost connection: Disconnected
[14:37:42] [Craft Scheduler Thread - 13 - Vault/INFO]: [Vault] No new version available
[14:37:42] [User Authenticator #1/INFO]: UUID of player JaviiD_ is 6d8456cd-f552-3f9c-b238-a2c18e16b3ec
[14:37:42] [Craft Scheduler Thread - 4 - SkinsRestorer/INFO]: [33;1m[[32;22mSkinsRestorer[33;1m] [0;39m[32;1m----------------------------------------------[0;39m
[14:37:42] [Craft Scheduler Thread - 4 - SkinsRestorer/INFO]: [33;1m[[32;22mSkinsRestorer[33;1m] [0;39m[32;1m    +==================+[0;39m
[14:37:42] [Craft Scheduler Thread - 4 - SkinsRestorer/INFO]: [33;1m[[32;22mSkinsRestorer[33;1m] [0;39m[32;1m    |   SkinsRestorer  |[0;39m
[14:37:42] [Craft Scheduler Thread - 4 - SkinsRestorer/INFO]: [33;1m[[32;22mSkinsRestorer[33;1m] [0;39m[32;1m    |------------------|[0;39m
[14:37:42] [Craft Scheduler Thread - 4 - SkinsRestorer/INFO]: [33;1m[[32;22mSkinsRestorer[33;1m] [0;39m[32;1m    |  [34;1m[4m[21mStandalone Mode[0;39m[32;1m |[0;39m
[14:37:42] [Craft Scheduler Thread - 4 - SkinsRestorer/INFO]: [33;1m[[32;22mSkinsRestorer[33;1m] [0;39m[32;1m    +==================+[0;39m
[14:37:42] [Craft Scheduler Thread - 4 - SkinsRestorer/INFO]: [33;1m[[32;22mSkinsRestorer[33;1m] [0;39m[32;1m----------------------------------------------[0;39m
[14:37:42] [Craft Scheduler Thread - 4 - SkinsRestorer/INFO]: [33;1m[[32;22mSkinsRestorer[33;1m] [0;39m[36;1m    Current version: [32;1m14.2.3[0;39m
[14:37:42] [Craft Scheduler Thread - 4 - SkinsRestorer/INFO]: [33;1m[[32;22mSkinsRestorer[33;1m] [0;39m[32;1m    This is the latest version![0;39m
[14:37:42] [Craft Scheduler Thread - 4 - SkinsRestorer/INFO]: [33;1m[[32;22mSkinsRestorer[33;1m] [0;39m[32;1m----------------------------------------------[0;39m
[14:37:46] [User Authenticator #1/INFO]: UUID of player JaviiD_ is 6d8456cd-f552-3f9c-b238-a2c18e16b3ec
[14:37:54] [Server thread/INFO]: JaviiD_ joined the game
[14:37:54] [Server thread/INFO]: JaviiD_[/192.168.1.108:55534] logged in with entity id 218 at ([Servidor]182.14840824497676, -22.0, -211.97584292961974)
[14:37:55] [Server thread/WARN]: [Essentials] Permissions lag notice with (LuckPermsHandler). Response took 61,224800ms. Summary: Getting prefix for JaviiD_
[14:37:56] [Server thread/INFO]: JaviiD_ issued server command: /spawn
[14:38:00] [Server thread/ERROR]: Could not pass event InventoryClickEvent to ChatColor v6.2
java.lang.NoSuchMethodError: 'java.lang.String org.bukkit.inventory.Inventory.getName()'
	at me.chemmic.main.Listener.InventoryClickListener.onClick(InventoryClickListener.java:65) ~[ChatColor+.jar:?]
	at com.destroystokyo.paper.event.executor.asm.generated.GeneratedEventExecutor27.execute(Unknown Source) ~[?:?]
	at org.bukkit.plugin.EventExecutor.lambda$create$1(EventExecutor.java:75) ~[paper-api-1.19.2-R0.1-SNAPSHOT.jar:?]
	at co.aikar.timings.TimedEventExecutor.execute(TimedEventExecutor.java:80) ~[paper-api-1.19.2-R0.1-SNAPSHOT.jar:git-Paper-141]
	at org.bukkit.plugin.RegisteredListener.callEvent(RegisteredListener.java:70) ~[paper-api-1.19.2-R0.1-SNAPSHOT.jar:?]
	at org.bukkit.plugin.SimplePluginManager.callEvent(SimplePluginManager.java:670) ~[paper-api-1.19.2-R0.1-SNAPSHOT.jar:?]
	at net.minecraft.server.network.ServerGamePacketListenerImpl.handleContainerClick(ServerGamePacketListenerImpl.java:3300) ~[?:?]
	at net.minecraft.network.protocol.game.ServerboundContainerClickPacket.handle(ServerboundContainerClickPacket.java:58) ~[?:?]
	at net.minecraft.network.protocol.game.ServerboundContainerClickPacket.handle(ServerboundContainerClickPacket.java:23) ~[?:?]
	at net.minecraft.network.protocol.PacketUtils.lambda$ensureRunningOnSameThread$1(PacketUtils.java:51) ~[?:?]
	at net.minecraft.server.TickTask.run(TickTask.java:18) ~[paper-1.19.2.jar:git-Paper-141]
	at net.minecraft.util.thread.BlockableEventLoop.doRunTask(BlockableEventLoop.java:153) ~[?:?]
	at net.minecraft.util.thread.ReentrantBlockableEventLoop.doRunTask(ReentrantBlockableEventLoop.java:24) ~[?:?]
	at net.minecraft.server.MinecraftServer.doRunTask(MinecraftServer.java:1361) ~[paper-1.19.2.jar:git-Paper-141]
	at net.minecraft.server.MinecraftServer.d(MinecraftServer.java:185) ~[paper-1.19.2.jar:git-Paper-141]
	at net.minecraft.util.thread.BlockableEventLoop.pollTask(BlockableEventLoop.java:126) ~[?:?]
	at net.minecraft.server.MinecraftServer.pollTaskInternal(MinecraftServer.java:1338) ~[paper-1.19.2.jar:git-Paper-141]
	at net.minecraft.server.MinecraftServer.pollTask(MinecraftServer.java:1331) ~[paper-1.19.2.jar:git-Paper-141]
	at net.minecraft.util.thread.BlockableEventLoop.managedBlock(BlockableEventLoop.java:136) ~[?:?]
	at net.minecraft.server.MinecraftServer.tickServer(MinecraftServer.java:1409) ~[paper-1.19.2.jar:git-Paper-141]
	at net.minecraft.server.MinecraftServer.runServer(MinecraftServer.java:1193) ~[paper-1.19.2.jar:git-Paper-141]
	at net.minecraft.server.MinecraftServer.lambda$spin$0(MinecraftServer.java:305) ~[paper-1.19.2.jar:git-Paper-141]
	at java.lang.Thread.run(Thread.java:833) ~[?:?]
[14:38:17] [Server thread/ERROR]: Could not pass event InventoryClickEvent to ChatColor v6.2
java.lang.NoSuchMethodError: 'java.lang.String org.bukkit.inventory.Inventory.getName()'
	at me.chemmic.main.Listener.InventoryClickListener.onClick(InventoryClickListener.java:65) ~[ChatColor+.jar:?]
	at com.destroystokyo.paper.event.executor.asm.generated.GeneratedEventExecutor27.execute(Unknown Source) ~[?:?]
	at org.bukkit.plugin.EventExecutor.lambda$create$1(EventExecutor.java:75) ~[paper-api-1.19.2-R0.1-SNAPSHOT.jar:?]
	at co.aikar.timings.TimedEventExecutor.execute(TimedEventExecutor.java:80) ~[paper-api-1.19.2-R0.1-SNAPSHOT.jar:git-Paper-141]
	at org.bukkit.plugin.RegisteredListener.callEvent(RegisteredListener.java:70) ~[paper-api-1.19.2-R0.1-SNAPSHOT.jar:?]
	at org.bukkit.plugin.SimplePluginManager.callEvent(SimplePluginManager.java:670) ~[paper-api-1.19.2-R0.1-SNAPSHOT.jar:?]
	at net.minecraft.server.network.ServerGamePacketListenerImpl.handleContainerClick(ServerGamePacketListenerImpl.java:3300) ~[?:?]
	at net.minecraft.network.protocol.game.ServerboundContainerClickPacket.handle(ServerboundContainerClickPacket.java:58) ~[?:?]
	at net.minecraft.network.protocol.game.ServerboundContainerClickPacket.handle(ServerboundContainerClickPacket.java:23) ~[?:?]
	at net.minecraft.network.protocol.PacketUtils.lambda$ensureRunningOnSameThread$1(PacketUtils.java:51) ~[?:?]
	at net.minecraft.server.TickTask.run(TickTask.java:18) ~[paper-1.19.2.jar:git-Paper-141]
	at net.minecraft.util.thread.BlockableEventLoop.doRunTask(BlockableEventLoop.java:153) ~[?:?]
	at net.minecraft.util.thread.ReentrantBlockableEventLoop.doRunTask(ReentrantBlockableEventLoop.java:24) ~[?:?]
	at net.minecraft.server.MinecraftServer.doRunTask(MinecraftServer.java:1361) ~[paper-1.19.2.jar:git-Paper-141]
	at net.minecraft.server.MinecraftServer.d(MinecraftServer.java:185) ~[paper-1.19.2.jar:git-Paper-141]
	at net.minecraft.util.thread.BlockableEventLoop.pollTask(BlockableEventLoop.java:126) ~[?:?]
	at net.minecraft.server.MinecraftServer.pollTaskInternal(MinecraftServer.java:1338) ~[paper-1.19.2.jar:git-Paper-141]
	at net.minecraft.server.MinecraftServer.pollTask(MinecraftServer.java:1331) ~[paper-1.19.2.jar:git-Paper-141]
	at net.minecraft.util.thread.BlockableEventLoop.managedBlock(BlockableEventLoop.java:136) ~[?:?]
	at net.minecraft.server.MinecraftServer.waitUntilNextTick(MinecraftServer.java:1309) ~[paper-1.19.2.jar:git-Paper-141]
	at net.minecraft.server.MinecraftServer.runServer(MinecraftServer.java:1197) ~[paper-1.19.2.jar:git-Paper-141]
	at net.minecraft.server.MinecraftServer.lambda$spin$0(MinecraftServer.java:305) ~[paper-1.19.2.jar:git-Paper-141]
	at java.lang.Thread.run(Thread.java:833) ~[?:?]
[14:38:18] [Server thread/ERROR]: Could not pass event InventoryClickEvent to ChatColor v6.2
java.lang.NoSuchMethodError: 'java.lang.String org.bukkit.inventory.Inventory.getName()'
	at me.chemmic.main.Listener.InventoryClickListener.onClick(InventoryClickListener.java:65) ~[ChatColor+.jar:?]
	at com.destroystokyo.paper.event.executor.asm.generated.GeneratedEventExecutor27.execute(Unknown Source) ~[?:?]
	at org.bukkit.plugin.EventExecutor.lambda$create$1(EventExecutor.java:75) ~[paper-api-1.19.2-R0.1-SNAPSHOT.jar:?]
	at co.aikar.timings.TimedEventExecutor.execute(TimedEventExecutor.java:80) ~[paper-api-1.19.2-R0.1-SNAPSHOT.jar:git-Paper-141]
	at org.bukkit.plugin.RegisteredListener.callEvent(RegisteredListener.java:70) ~[paper-api-1.19.2-R0.1-SNAPSHOT.jar:?]
	at org.bukkit.plugin.SimplePluginManager.callEvent(SimplePluginManager.java:670) ~[paper-api-1.19.2-R0.1-SNAPSHOT.jar:?]
	at net.minecraft.server.network.ServerGamePacketListenerImpl.handleContainerClick(ServerGamePacketListenerImpl.java:3300) ~[?:?]
	at net.minecraft.network.protocol.game.ServerboundContainerClickPacket.handle(ServerboundContainerClickPacket.java:58) ~[?:?]
	at net.minecraft.network.protocol.game.ServerboundContainerClickPacket.handle(ServerboundContainerClickPacket.java:23) ~[?:?]
	at net.minecraft.network.protocol.PacketUtils.lambda$ensureRunningOnSameThread$1(PacketUtils.java:51) ~[?:?]
	at net.minecraft.server.TickTask.run(TickTask.java:18) ~[paper-1.19.2.jar:git-Paper-141]
	at net.minecraft.util.thread.BlockableEventLoop.doRunTask(BlockableEventLoop.java:153) ~[?:?]
	at net.minecraft.util.thread.ReentrantBlockableEventLoop.doRunTask(ReentrantBlockableEventLoop.java:24) ~[?:?]
	at net.minecraft.server.MinecraftServer.doRunTask(MinecraftServer.java:1361) ~[paper-1.19.2.jar:git-Paper-141]
	at net.minecraft.server.MinecraftServer.d(MinecraftServer.java:185) ~[paper-1.19.2.jar:git-Paper-141]
	at net.minecraft.util.thread.BlockableEventLoop.pollTask(BlockableEventLoop.java:126) ~[?:?]
	at net.minecraft.server.MinecraftServer.pollTaskInternal(MinecraftServer.java:1338) ~[paper-1.19.2.jar:git-Paper-141]
	at net.minecraft.server.MinecraftServer.pollTask(MinecraftServer.java:1331) ~[paper-1.19.2.jar:git-Paper-141]
	at net.minecraft.util.thread.BlockableEventLoop.managedBlock(BlockableEventLoop.java:136) ~[?:?]
	at net.minecraft.server.MinecraftServer.waitUntilNextTick(MinecraftServer.java:1309) ~[paper-1.19.2.jar:git-Paper-141]
	at net.minecraft.server.MinecraftServer.runServer(MinecraftServer.java:1197) ~[paper-1.19.2.jar:git-Paper-141]
	at net.minecraft.server.MinecraftServer.lambda$spin$0(MinecraftServer.java:305) ~[paper-1.19.2.jar:git-Paper-141]
	at java.lang.Thread.run(Thread.java:833) ~[?:?]
[14:38:18] [Server thread/ERROR]: Could not pass event InventoryClickEvent to ChatColor v6.2
java.lang.NoSuchMethodError: 'java.lang.String org.bukkit.inventory.Inventory.getName()'
	at me.chemmic.main.Listener.InventoryClickListener.onClick(InventoryClickListener.java:65) ~[ChatColor+.jar:?]
	at com.destroystokyo.paper.event.executor.asm.generated.GeneratedEventExecutor27.execute(Unknown Source) ~[?:?]
	at org.bukkit.plugin.EventExecutor.lambda$create$1(EventExecutor.java:75) ~[paper-api-1.19.2-R0.1-SNAPSHOT.jar:?]
	at co.aikar.timings.TimedEventExecutor.execute(TimedEventExecutor.java:80) ~[paper-api-1.19.2-R0.1-SNAPSHOT.jar:git-Paper-141]
	at org.bukkit.plugin.RegisteredListener.callEvent(RegisteredListener.java:70) ~[paper-api-1.19.2-R0.1-SNAPSHOT.jar:?]
	at org.bukkit.plugin.SimplePluginManager.callEvent(SimplePluginManager.java:670) ~[paper-api-1.19.2-R0.1-SNAPSHOT.jar:?]
	at net.minecraft.server.network.ServerGamePacketListenerImpl.handleContainerClick(ServerGamePacketListenerImpl.java:3300) ~[?:?]
	at net.minecraft.network.protocol.game.ServerboundContainerClickPacket.handle(ServerboundContainerClickPacket.java:58) ~[?:?]
	at net.minecraft.network.protocol.game.ServerboundContainerClickPacket.handle(ServerboundContainerClickPacket.java:23) ~[?:?]
	at net.minecraft.network.protocol.PacketUtils.lambda$ensureRunningOnSameThread$1(PacketUtils.java:51) ~[?:?]
	at net.minecraft.server.TickTask.run(TickTask.java:18) ~[paper-1.19.2.jar:git-Paper-141]
	at net.minecraft.util.thread.BlockableEventLoop.doRunTask(BlockableEventLoop.java:153) ~[?:?]
	at net.minecraft.util.thread.ReentrantBlockableEventLoop.doRunTask(ReentrantBlockableEventLoop.java:24) ~[?:?]
	at net.minecraft.server.MinecraftServer.doRunTask(MinecraftServer.java:1361) ~[paper-1.19.2.jar:git-Paper-141]
	at net.minecraft.server.MinecraftServer.d(MinecraftServer.java:185) ~[paper-1.19.2.jar:git-Paper-141]
	at net.minecraft.util.thread.BlockableEventLoop.pollTask(BlockableEventLoop.java:126) ~[?:?]
	at net.minecraft.server.MinecraftServer.pollTaskInternal(MinecraftServer.java:1338) ~[paper-1.19.2.jar:git-Paper-141]
	at net.minecraft.server.MinecraftServer.pollTask(MinecraftServer.java:1331) ~[paper-1.19.2.jar:git-Paper-141]
	at net.minecraft.util.thread.BlockableEventLoop.managedBlock(BlockableEventLoop.java:136) ~[?:?]
	at net.minecraft.server.MinecraftServer.waitUntilNextTick(MinecraftServer.java:1309) ~[paper-1.19.2.jar:git-Paper-141]
	at net.minecraft.server.MinecraftServer.runServer(MinecraftServer.java:1197) ~[paper-1.19.2.jar:git-Paper-141]
	at net.minecraft.server.MinecraftServer.lambda$spin$0(MinecraftServer.java:305) ~[paper-1.19.2.jar:git-Paper-141]
	at java.lang.Thread.run(Thread.java:833) ~[?:?]
[14:38:45] [Server thread/ERROR]: Could not pass event InventoryClickEvent to ChatColor v6.2
java.lang.NoSuchMethodError: 'java.lang.String org.bukkit.inventory.Inventory.getName()'
	at me.chemmic.main.Listener.InventoryClickListener.onClick(InventoryClickListener.java:65) ~[ChatColor+.jar:?]
	at com.destroystokyo.paper.event.executor.asm.generated.GeneratedEventExecutor27.execute(Unknown Source) ~[?:?]
	at org.bukkit.plugin.EventExecutor.lambda$create$1(EventExecutor.java:75) ~[paper-api-1.19.2-R0.1-SNAPSHOT.jar:?]
	at co.aikar.timings.TimedEventExecutor.execute(TimedEventExecutor.java:80) ~[paper-api-1.19.2-R0.1-SNAPSHOT.jar:git-Paper-141]
	at org.bukkit.plugin.RegisteredListener.callEvent(RegisteredListener.java:70) ~[paper-api-1.19.2-R0.1-SNAPSHOT.jar:?]
	at org.bukkit.plugin.SimplePluginManager.callEvent(SimplePluginManager.java:670) ~[paper-api-1.19.2-R0.1-SNAPSHOT.jar:?]
	at net.minecraft.server.network.ServerGamePacketListenerImpl.handleContainerClick(ServerGamePacketListenerImpl.java:3300) ~[?:?]
	at net.minecraft.network.protocol.game.ServerboundContainerClickPacket.handle(ServerboundContainerClickPacket.java:58) ~[?:?]
	at net.minecraft.network.protocol.game.ServerboundContainerClickPacket.handle(ServerboundContainerClickPacket.java:23) ~[?:?]
	at net.minecraft.network.protocol.PacketUtils.lambda$ensureRunningOnSameThread$1(PacketUtils.java:51) ~[?:?]
	at net.minecraft.server.TickTask.run(TickTask.java:18) ~[paper-1.19.2.jar:git-Paper-141]
	at net.minecraft.util.thread.BlockableEventLoop.doRunTask(BlockableEventLoop.java:153) ~[?:?]
	at net.minecraft.util.thread.ReentrantBlockableEventLoop.doRunTask(ReentrantBlockableEventLoop.java:24) ~[?:?]
	at net.minecraft.server.MinecraftServer.doRunTask(MinecraftServer.java:1361) ~[paper-1.19.2.jar:git-Paper-141]
	at net.minecraft.server.MinecraftServer.d(MinecraftServer.java:185) ~[paper-1.19.2.jar:git-Paper-141]
	at net.minecraft.util.thread.BlockableEventLoop.pollTask(BlockableEventLoop.java:126) ~[?:?]
	at net.minecraft.server.MinecraftServer.pollTaskInternal(MinecraftServer.java:1338) ~[paper-1.19.2.jar:git-Paper-141]
	at net.minecraft.server.MinecraftServer.pollTask(MinecraftServer.java:1331) ~[paper-1.19.2.jar:git-Paper-141]
	at net.minecraft.util.thread.BlockableEventLoop.runAllTasks(BlockableEventLoop.java:114) ~[?:?]
	at net.minecraft.server.MinecraftServer.tickServer(MinecraftServer.java:1465) ~[paper-1.19.2.jar:git-Paper-141]
	at net.minecraft.server.MinecraftServer.runServer(MinecraftServer.java:1193) ~[paper-1.19.2.jar:git-Paper-141]
	at net.minecraft.server.MinecraftServer.lambda$spin$0(MinecraftServer.java:305) ~[paper-1.19.2.jar:git-Paper-141]
	at java.lang.Thread.run(Thread.java:833) ~[?:?]
[14:39:11] [Async Chat Thread - #0/WARN]: [ChatColor] Loaded class net.milkbowl.vault.permission.Permission from Vault v1.7.3-b131 which is not a depend or softdepend of this plugin.
[14:39:11] [Async Chat Thread - #0/INFO]: [Not Secure] <☠ ARIOCH ~JaviiD_> Perra
[14:39:19] [Server thread/INFO]: JaviiD_ lost connection: Disconnected
[14:39:19] [Server thread/INFO]: JaviiD_ left the game
[14:39:21] [Server thread/INFO]: Stopping the server
[14:39:21] [Server thread/INFO]: Stopping server
[14:39:21] [Server thread/INFO]: [EssentialsChat] Disabling EssentialsChat v2.19.7
[14:39:21] [Server thread/INFO]: [EssentialsSpawn] Disabling EssentialsSpawn v2.19.7
[14:39:21] [Server thread/INFO]: [EssentialsProtect] Disabling EssentialsProtect v2.19.7
[14:39:21] [Server thread/INFO]: [Essentials] Disabling Essentials v2.19.7
[14:39:21] [Server thread/INFO]: [Vault] [Economy] Essentials Economy unhooked.
[14:39:21] [Server thread/INFO]: [ChatColor] Disabling ChatColor v6.2
[14:39:21] [Server thread/INFO]: [ChatColor] [STDOUT] Error: me.chemmic.main line 72
[14:39:21] [Server thread/INFO]: [Vault] Disabling Vault v1.7.3-b131
[14:39:21] [Server thread/INFO]: [SmoothTimber] Disabling SmoothTimber v1.22.2
[14:39:21] [Server thread/INFO]: [SkinsRestorer] Disabling SkinsRestorer v14.2.3
[14:39:21] [Server thread/INFO]: [LuckPerms] Disabling LuckPerms v5.4.49
[14:39:21] [Server thread/INFO]: [LuckPerms] Starting shutdown process...
[14:39:21] [Server thread/INFO]: [LuckPerms] Closing storage...
[14:39:21] [Server thread/INFO]: [LuckPerms] Goodbye!
[14:39:21] [Server thread/INFO]: Saving players
[14:39:21] [Server thread/INFO]: Saving worlds
[14:39:22] [Server thread/INFO]: Saving chunks for level 'ServerLevel[Servidor]'/minecraft:overworld
[14:39:25] [Server thread/INFO]: Saving chunks for level 'ServerLevel[Servidor_nether]'/minecraft:the_nether
[14:39:26] [Server thread/INFO]: Saving chunks for level 'ServerLevel[Servidor_the_end]'/minecraft:the_end
[14:39:26] [Server thread/INFO]: ThreadedAnvilChunkStorage (Servidor): All chunks are saved
[14:39:26] [Server thread/INFO]: ThreadedAnvilChunkStorage (DIM-1): All chunks are saved
[14:39:26] [Server thread/INFO]: ThreadedAnvilChunkStorage (DIM1): All chunks are saved
[14:39:26] [Server thread/INFO]: ThreadedAnvilChunkStorage: All dimensions are saved
[14:39:27] [Server thread/INFO]: Flushing Chunk IO
[14:39:27] [Server thread/INFO]: Closing Thread Pool
[14:39:27] [Server thread/INFO]: Closing Server
